<?xml version="1.0" encoding="UTF-8"?>
<!-- Generated by org.testng.reporters.JUnitXMLReporter -->
<testsuite ignored="9" hostname="DESKTOP-S90IECV" failures="1" tests="1" name="Default test" time="1.065" errors="0" timestamp="2024-05-10T19:34:12 IST">
  <testcase classname="TestBase.BaseClass" name="@BeforeClass setup" time="-1.715349851832E9">
    <failure type="org.testng.TestNGException" message="
Parameter &amp;apos;os&amp;apos; is required by BeforeClass on method setup but has not been marked @Optional or defined
in C:\Users\user\AppData\Local\Temp\testng-eclipse-1042935272\testng-customsuite.xml">
      <![CDATA[org.testng.TestNGException: 
Parameter 'os' is required by BeforeClass on method setup but has not been marked @Optional or defined
in C:\Users\user\AppData\Local\Temp\testng-eclipse-1042935272\testng-customsuite.xml
at org.testng.internal.Parameters.createParams(Parameters.java:267)
at org.testng.internal.Parameters.createParametersForMethod(Parameters.java:355)
at org.testng.internal.Parameters.createParameters(Parameters.java:693)
at org.testng.internal.Parameters.createConfigurationParameters(Parameters.java:166)
at org.testng.internal.invokers.ConfigInvoker.invokeConfigurations(ConfigInvoker.java:306)
at org.testng.internal.invokers.TestMethodWorker.invokeBeforeClassMethods(TestMethodWorker.java:180)
at org.testng.internal.invokers.TestMethodWorker.run(TestMethodWorker.java:122)
at java.base/java.util.ArrayList.forEach(ArrayList.java:1511)
at org.testng.TestRunner.privateRun(TestRunner.java:819)
at org.testng.TestRunner.run(TestRunner.java:619)
at org.testng.SuiteRunner.runTest(SuiteRunner.java:443)
at org.testng.SuiteRunner.runSequentially(SuiteRunner.java:437)
at org.testng.SuiteRunner.privateRun(SuiteRunner.java:397)
at org.testng.SuiteRunner.run(SuiteRunner.java:336)
at org.testng.SuiteRunnerWorker.runSuite(SuiteRunnerWorker.java:52)
at org.testng.SuiteRunnerWorker.run(SuiteRunnerWorker.java:95)
at org.testng.TestNG.runSuitesSequentially(TestNG.java:1301)
at org.testng.TestNG.runSuitesLocally(TestNG.java:1228)
at org.testng.TestNG.runSuites(TestNG.java:1134)
at org.testng.TestNG.run(TestNG.java:1101)
at org.testng.remote.AbstractRemoteTestNG.run(AbstractRemoteTestNG.java:115)
at org.testng.remote.RemoteTestNG.initAndRun(RemoteTestNG.java:293)
at org.testng.remote.RemoteTestNG.main(RemoteTestNG.java:91)
]]>
    </failure>
  </testcase> <!-- @BeforeClass setup -->
  <testcase classname="TestBase.BaseClass" name="@AfterClass teardown" time="0.0">
    <skipped/>
  </testcase> <!-- @AfterClass teardown -->
  <testcase classname="TestCases.TC_002Validate_HomeLoanCalculatorSection" name="validate_click_calculators" time="1.029">
    <failure type="org.testng.internal.reflect.MethodMatcherException" message="
[public void TestCases.TC_002Validate_HomeLoanCalculatorSection.validate_click_calculators(java.lang.String,java.lang.String,java.lang.String,java.lang.String,java.lang.String,java.lang.String,java.lang.String,java.lang.String,java.lang.String,java.lang.String,java.lang.String,java.lang.String) throws java.lang.InterruptedException] has no parameters defined but was found to be using a data provider (either explicitly specified or inherited from class level annotation).
Data provider mismatch
Method: validate_click_calculators([java.lang.String arg0, java.lang.String arg1, java.lang.String arg2, java.lang.String arg3, java.lang.String arg4, java.lang.String arg5, java.lang.String arg6, java.lang.String arg7, java.lang.String arg8, java.lang.String arg9, java.lang.String arg10, java.lang.String arg11])
Arguments: [(java.lang.String) 5000000,(java.lang.String) 50,(java.lang.String) 0,(java.lang.String) 10,(java.lang.String) 2,(java.lang.String) 0,(java.lang.String) 0,(java.lang.String) 0,(java.lang.String) 0,(java.lang.String) 0,(java.lang.String) dec,(java.lang.String) 2027,(java.lang.String) ]">
      <![CDATA[org.testng.internal.reflect.MethodMatcherException: 
[public void TestCases.TC_002Validate_HomeLoanCalculatorSection.validate_click_calculators(java.lang.String,java.lang.String,java.lang.String,java.lang.String,java.lang.String,java.lang.String,java.lang.String,java.lang.String,java.lang.String,java.lang.String,java.lang.String,java.lang.String) throws java.lang.InterruptedException] has no parameters defined but was found to be using a data provider (either explicitly specified or inherited from class level annotation).
Data provider mismatch
Method: validate_click_calculators([java.lang.String arg0, java.lang.String arg1, java.lang.String arg2, java.lang.String arg3, java.lang.String arg4, java.lang.String arg5, java.lang.String arg6, java.lang.String arg7, java.lang.String arg8, java.lang.String arg9, java.lang.String arg10, java.lang.String arg11])
Arguments: [(java.lang.String) 5000000,(java.lang.String) 50,(java.lang.String) 0,(java.lang.String) 10,(java.lang.String) 2,(java.lang.String) 0,(java.lang.String) 0,(java.lang.String) 0,(java.lang.String) 0,(java.lang.String) 0,(java.lang.String) dec,(java.lang.String) 2027,(java.lang.String) ]
at org.testng.internal.reflect.DataProviderMethodMatcher.getConformingArguments(DataProviderMethodMatcher.java:46)
at org.testng.internal.Parameters.injectParameters(Parameters.java:918)
at org.testng.internal.invokers.MethodRunner.runInSequence(MethodRunner.java:50)
at org.testng.internal.invokers.TestInvoker$MethodInvocationAgent.invoke(TestInvoker.java:961)
at org.testng.internal.invokers.TestInvoker.invokeTestMethods(TestInvoker.java:201)
at org.testng.internal.invokers.TestMethodWorker.invokeTestMethods(TestMethodWorker.java:148)
at org.testng.internal.invokers.TestMethodWorker.run(TestMethodWorker.java:128)
at java.base/java.util.ArrayList.forEach(ArrayList.java:1511)
at org.testng.TestRunner.privateRun(TestRunner.java:819)
at org.testng.TestRunner.run(TestRunner.java:619)
at org.testng.SuiteRunner.runTest(SuiteRunner.java:443)
at org.testng.SuiteRunner.runSequentially(SuiteRunner.java:437)
at org.testng.SuiteRunner.privateRun(SuiteRunner.java:397)
at org.testng.SuiteRunner.run(SuiteRunner.java:336)
at org.testng.SuiteRunnerWorker.runSuite(SuiteRunnerWorker.java:52)
at org.testng.SuiteRunnerWorker.run(SuiteRunnerWorker.java:95)
at org.testng.TestNG.runSuitesSequentially(TestNG.java:1301)
at org.testng.TestNG.runSuitesLocally(TestNG.java:1228)
at org.testng.TestNG.runSuites(TestNG.java:1134)
at org.testng.TestNG.run(TestNG.java:1101)
at org.testng.remote.AbstractRemoteTestNG.run(AbstractRemoteTestNG.java:115)
at org.testng.remote.RemoteTestNG.initAndRun(RemoteTestNG.java:293)
at org.testng.remote.RemoteTestNG.main(RemoteTestNG.java:91)
]]>
    </failure>
  </testcase> <!-- validate_click_calculators -->
  <testcase classname="TestCases.TC_002Validate_HomeLoanCalculatorSection" name="validate_homeLoanInterest" time="0.0">
    <ignored/>
  </testcase> <!-- validate_homeLoanInterest -->
  <testcase classname="TestCases.TC_002Validate_HomeLoanCalculatorSection" name="validate_HomeDownPayment" time="0.0">
    <ignored/>
  </testcase> <!-- validate_HomeDownPayment -->
  <testcase classname="TestCases.TC_002Validate_HomeLoanCalculatorSection" name="Validate_LoanInsurance_AND_LoanFees" time="0.0">
    <ignored/>
  </testcase> <!-- Validate_LoanInsurance_AND_LoanFees -->
  <testcase classname="TestCases.TC_002Validate_HomeLoanCalculatorSection" name="Validate_sendData_HomeOwnerExpenses" time="0.0">
    <ignored/>
  </testcase> <!-- Validate_sendData_HomeOwnerExpenses -->
  <testcase classname="TestCases.TC_002Validate_HomeLoanCalculatorSection" name="validate_fetch_table" time="0.0">
    <ignored/>
  </testcase> <!-- validate_fetch_table -->
  <testcase classname="TestCases.TC_002Validate_HomeLoanCalculatorSection" name="validate_click_HomeLoanEmiCalculator" time="0.0">
    <ignored/>
  </testcase> <!-- validate_click_HomeLoanEmiCalculator -->
  <testcase classname="TestCases.TC_002Validate_HomeLoanCalculatorSection" name="validate_homeLoanTenure" time="0.0">
    <ignored/>
  </testcase> <!-- validate_homeLoanTenure -->
  <testcase classname="TestCases.TC_002Validate_HomeLoanCalculatorSection" name="Validate_sendData_Date" time="0.0">
    <ignored/>
  </testcase> <!-- Validate_sendData_Date -->
  <testcase classname="TestCases.TC_002Validate_HomeLoanCalculatorSection" name="validate_HomeValue" time="0.0">
    <ignored/>
  </testcase> <!-- validate_HomeValue -->
</testsuite> <!-- Default test -->
