<?xml version="1.0" encoding="UTF-8"?>
<!-- Generated by org.testng.reporters.JUnitXMLReporter -->
<testsuite ignored="0" hostname="DESKTOP-S90IECV" failures="3" tests="25" name="Test" time="80.69" errors="0" timestamp="2024-05-10T20:35:25 IST">
  <testcase classname="TestCases.TC_001Validate_CarLoanSection" name="validate_ClickCarLoan" time="0.104"/>
  <testcase classname="TestCases.TC_001Validate_CarLoanSection" name="validate_allEntitySet" time="3.72"/>
  <testcase classname="TestCases.TC_001Validate_CarLoanSection" name="Validate_ExtractionOfemiAmount" time="0.237"/>
  <testcase classname="TestCases.TC_001Validate_CarLoanSection" name="Validate_ExcelEmiData" time="0.02"/>
  <testcase classname="TestCases.TC_002Validate_HomeLoanCalculatorSection" name="validate_click_calculators" time="1.077"/>
  <testcase classname="TestCases.TC_002Validate_HomeLoanCalculatorSection" name="validate_click_HomeLoanEmiCalculator" time="3.077"/>
  <testcase classname="TestCases.TC_002Validate_HomeLoanCalculatorSection" name="validate_HomeValue" time="2.992"/>
  <testcase classname="TestCases.TC_002Validate_HomeLoanCalculatorSection" name="validate_HomeDownPayment" time="0.137"/>
  <testcase classname="TestCases.TC_002Validate_HomeLoanCalculatorSection" name="validate_homeLoanInterest" time="0.162"/>
  <testcase classname="TestCases.TC_002Validate_HomeLoanCalculatorSection" name="validate_homeLoanTenure" time="0.196"/>
  <testcase classname="TestCases.TC_002Validate_HomeLoanCalculatorSection" name="Validate_LoanInsurance_AND_LoanFees" time="0.285"/>
  <testcase classname="TestCases.TC_002Validate_HomeLoanCalculatorSection" name="Validate_sendData_HomeOwnerExpenses" time="0.654"/>
  <testcase classname="TestCases.TC_002Validate_HomeLoanCalculatorSection" name="Validate_sendData_Date" time="0.406"/>
  <testcase classname="TestCases.TC_002Validate_HomeLoanCalculatorSection" name="validate_fetch_table" time="6.114"/>
  <testcase classname="TestCases.TC_003Validate_LoanCalculator" name="Validate_click_Calculators" time="0.058"/>
  <testcase classname="TestCases.TC_003Validate_LoanCalculator" name="Validate_click_loanCalculatorClick" time="1.054"/>
  <testcase classname="TestCases.TC_003Validate_LoanCalculator" name="Validate_click_loanAmountCalculatorClick" time="3.849"/>
  <testcase classname="TestCases.TC_003Validate_LoanCalculator" name="Validate_boxValidationCheck" time="0.315">
    <failure type="java.lang.AssertionError" message="The following asserts failed:
	Emi TextBox is not Working expected [false] but found [true]">
      <![CDATA[java.lang.AssertionError: The following asserts failed:
Emi TextBox is not Working expected [false] but found [true]
at TestCases.TC_003Validate_LoanCalculator.Validate_boxValidationCheck(TC_003Validate_LoanCalculator.java:91)
at java.base/java.util.ArrayList.forEach(ArrayList.java:1511)
... Removed 27 stack frames]]>
    </failure>
  </testcase> <!-- Validate_boxValidationCheck -->
  <testcase classname="TestCases.TC_003Validate_LoanCalculator" name="Validate_loanAmountYearToMonth" time="0.08"/>
  <testcase classname="TestCases.TC_003Validate_LoanCalculator" name="emiAmountCalculatorSliderValidating" time="1.9">
    <failure type="java.lang.AssertionError" message="The following asserts failed:
	Emi TextBox is not Working expected [false] but found [true]">
      <![CDATA[java.lang.AssertionError: The following asserts failed:
Emi TextBox is not Working expected [false] but found [true]
at TestCases.TC_003Validate_LoanCalculator.emiAmountCalculatorSliderValidating(TC_003Validate_LoanCalculator.java:152)
at java.base/java.util.ArrayList.forEach(ArrayList.java:1511)
... Removed 27 stack frames]]>
    </failure>
  </testcase> <!-- emiAmountCalculatorSliderValidating -->
  <testcase classname="TestCases.TC_004Validate_LoanTenureCalculator" name="Validate_click_Calculators" time="0.093"/>
  <testcase classname="TestCases.TC_004Validate_LoanTenureCalculator" name="Validate_click_loanCalculatorClick" time="1.051"/>
  <testcase classname="TestCases.TC_004Validate_LoanTenureCalculator" name="loanTenureCalculatorClick" time="8.139"/>
  <testcase classname="TestCases.TC_004Validate_LoanTenureCalculator" name="boxValidationCheck" time="0.196"/>
  <testcase classname="TestCases.TC_004Validate_LoanTenureCalculator" name="sliderValidationCheck" time="1.805">
    <failure type="java.lang.AssertionError" message="LoanFees Slider is not Working expected [false] but found [true]">
      <![CDATA[java.lang.AssertionError: LoanFees Slider is not Working expected [false] but found [true]
at TestCases.TC_004Validate_LoanTenureCalculator.sliderValidationCheck(TC_004Validate_LoanTenureCalculator.java:96)
at java.base/java.util.ArrayList.forEach(ArrayList.java:1511)
... Removed 31 stack frames]]>
    </failure>
  </testcase> <!-- sliderValidationCheck -->
</testsuite> <!-- Test -->
