<?xml version="1.0" encoding="UTF-8"?>
<!-- Generated by org.testng.reporters.JUnitXMLReporter -->
<testsuite ignored="0" hostname="DESKTOP-S90IECV" failures="2" tests="25" name="Test" time="55.735" errors="0" timestamp="2024-05-10T21:13:12 IST">
  <testcase classname="TestCases.TC_001Validate_CarLoanSection" name="validate_ClickCarLoan" time="0.1"/>
  <testcase classname="TestCases.TC_001Validate_CarLoanSection" name="validate_allEntitySet" time="3.721"/>
  <testcase classname="TestCases.TC_001Validate_CarLoanSection" name="Validate_ExtractionOfemiAmount" time="0.299"/>
  <testcase classname="TestCases.TC_001Validate_CarLoanSection" name="Validate_ExcelEmiData" time="0.015"/>
  <testcase classname="TestCases.TC_002Validate_HomeLoanCalculatorSection" name="validate_click_calculators" time="1.078"/>
  <testcase classname="TestCases.TC_002Validate_HomeLoanCalculatorSection" name="validate_click_HomeLoanEmiCalculator" time="3.074"/>
  <testcase classname="TestCases.TC_002Validate_HomeLoanCalculatorSection" name="validate_HomeValue" time="2.406"/>
  <testcase classname="TestCases.TC_002Validate_HomeLoanCalculatorSection" name="validate_HomeDownPayment" time="0.132"/>
  <testcase classname="TestCases.TC_002Validate_HomeLoanCalculatorSection" name="validate_homeLoanInterest" time="0.196"/>
  <testcase classname="TestCases.TC_002Validate_HomeLoanCalculatorSection" name="validate_homeLoanTenure" time="0.172"/>
  <testcase classname="TestCases.TC_002Validate_HomeLoanCalculatorSection" name="Validate_LoanInsurance_AND_LoanFees" time="0.28"/>
  <testcase classname="TestCases.TC_002Validate_HomeLoanCalculatorSection" name="Validate_sendData_HomeOwnerExpenses" time="0.603"/>
  <testcase classname="TestCases.TC_002Validate_HomeLoanCalculatorSection" name="Validate_sendData_Date" time="0.408"/>
  <testcase classname="TestCases.TC_002Validate_HomeLoanCalculatorSection" name="validate_fetch_table" time="6.09"/>
  <testcase classname="TestCases.TC_003Validate_LoanCalculator" name="Validate_click_Calculators" time="0.092"/>
  <testcase classname="TestCases.TC_003Validate_LoanCalculator" name="Validate_click_loanCalculatorClick" time="1.041"/>
  <testcase classname="TestCases.TC_003Validate_LoanCalculator" name="Validate_click_loanAmountCalculatorClick" time="4.394"/>
  <testcase classname="TestCases.TC_003Validate_LoanCalculator" name="Validate_boxValidationCheck" time="0.195">
    <failure type="java.lang.AssertionError" message="The following asserts failed:
	Emi TextBox is not Working expected [false] but found [true]">
      <![CDATA[java.lang.AssertionError: The following asserts failed:
Emi TextBox is not Working expected [false] but found [true]
at TestCases.TC_003Validate_LoanCalculator.Validate_boxValidationCheck(TC_003Validate_LoanCalculator.java:91)
at java.base/java.util.ArrayList.forEach(ArrayList.java:1511)
... Removed 33 stack frames]]>
    </failure>
  </testcase> <!-- Validate_boxValidationCheck -->
  <testcase classname="TestCases.TC_003Validate_LoanCalculator" name="Validate_loanAmountYearToMonth" time="0.07"/>
  <testcase classname="TestCases.TC_003Validate_LoanCalculator" name="emiAmountCalculatorSliderValidating" time="1.947">
    <failure type="java.lang.AssertionError" message="The following asserts failed:
	Emi TextBox is not Working expected [false] but found [true],
	LoanFees Slider is not Working expected [true] but found [false]">
      <![CDATA[java.lang.AssertionError: The following asserts failed:
Emi TextBox is not Working expected [false] but found [true],
LoanFees Slider is not Working expected [true] but found [false]
at TestCases.TC_003Validate_LoanCalculator.emiAmountCalculatorSliderValidating(TC_003Validate_LoanCalculator.java:153)
at java.base/java.util.ArrayList.forEach(ArrayList.java:1511)
... Removed 33 stack frames]]>
    </failure>
  </testcase> <!-- emiAmountCalculatorSliderValidating -->
  <testcase classname="TestCases.TC_004Validate_LoanTenureCalculator" name="Validate_click_Calculators" time="0.065"/>
  <testcase classname="TestCases.TC_004Validate_LoanTenureCalculator" name="Validate_click_loanCalculatorClick" time="1.047"/>
  <testcase classname="TestCases.TC_004Validate_LoanTenureCalculator" name="loanTenureCalculatorClick" time="3.93"/>
  <testcase classname="TestCases.TC_004Validate_LoanTenureCalculator" name="boxValidationCheck" time="0.19"/>
  <testcase classname="TestCases.TC_004Validate_LoanTenureCalculator" name="sliderValidationCheck" time="1.876"/>
</testsuite> <!-- Test -->
